<?xml version="1.0" encoding="UTF-8"?>
<!-- Generated by org.testng.reporters.JUnitReportReporter -->
<testsuite hostname="DESKTOP-QNHJ5Q7" failures="0" tests="1" name="excelFileExample.RegisterStudentExcelTest" time="198.957" errors="0" timestamp="2023-03-13T01:46:06 PDT" skipped="0">
  <testcase classname="excelFileExample.RegisterStudentExcelTest" name="RegistrationDataDrivernTest" time="198.957"/>
</testsuite> <!-- excelFileExample.RegisterStudentExcelTest -->
